<!DOCTYPE html PUBLIC "-//W3C//DTD XHTML 1.1//EN" "https://www.w3.org/TR/xhtml11/DTD/xhtml11.dtd">
<html xmlns="https://www.w3.org/1999/xhtml">
<head>
<meta http-equiv="content-type" content="text/html; charset=UTF-8"/>
<title>TestNG Report</title>
<style type="text/css">table {margin-bottom:10px;border-collapse:collapse;empty-cells:show}th,td {border:1px solid #009;padding:.25em .5em}th {vertical-align:bottom}td {vertical-align:top}table a {font-weight:bold}.stripe td {background-color: #E6EBF9}.num {text-align:right}.passedodd td {background-color: #3F3}.passedeven td {background-color: #0A0}.skippedodd td {background-color: #DDD}.skippedeven td {background-color: #CCC}.failedodd td,.attn {background-color: #F33}.failedeven td,.stripe .attn {background-color: #D00}.stacktrace {white-space:pre;font-family:monospace}.totop {font-size:85%;text-align:center;border-bottom:2px solid #000}.invisible {display:none}</style>
</head>
<body>
<table>
<tr><th>Test</th><th># Passed</th><th># Skipped</th><th># Retried</th><th># Failed</th><th>Time (ms)</th><th>Included Groups</th><th>Excluded Groups</th></tr>
<tr><th colspan="8">SuiteForDepartmentTests</th></tr>
<tr><td><a href="#t0">MainTest</a></td><td class="num">1</td><td class="num">0</td><td class="num">0</td><td class="num">0</td><td class="num">53 172</td><td></td><td></td></tr>
<tr class="stripe"><td><a href="#t1">DepartmentTests</a></td><td class="num">3</td><td class="num">0</td><td class="num">0</td><td class="num attn">2</td><td class="num">208 771</td><td></td><td></td></tr>
<tr><td><a href="#t2">ProgramTests</a></td><td class="num">2</td><td class="num">0</td><td class="num">0</td><td class="num">0</td><td class="num">71 430</td><td></td><td></td></tr>
<tr class="stripe"><td><a href="#t3">PurposeTests</a></td><td class="num">2</td><td class="num">0</td><td class="num">0</td><td class="num attn">1</td><td class="num">275 642</td><td></td><td></td></tr>
<tr><th>Total</th><th class="num">8</th><th class="num">0</th><th class="num">0</th><th class="num attn">3</th><th class="num">609 015</th><th colspan="2"></th></tr>
</table>
<table id='summary'><thead><tr><th>Class</th><th>Method</th><th>Start</th><th>Time (ms)</th></tr></thead><tbody><tr><th colspan="4">SuiteForDepartmentTests</th></tr></tbody><tbody id="t0"><tr><th colspan="4">MainTest &#8212; passed</th></tr><tr class="passedeven"><td rowspan="1">mainTest.MainTest</td><td><a href="#m0">testPodruge</a></td><td rowspan="1">1674646419478</td><td rowspan="1">48937</td></tr></tbody>
<tbody id="t1"><tr><th colspan="4">DepartmentTests &#8212; failed</th></tr><tr class="failedeven"><td rowspan="1">DepartmentTests.ChildDepartCreateDeleteTest</td><td><a href="#m1">CreateDeleteDepartmentTest</a></td><td rowspan="1">1674646495856</td><td rowspan="1">36803</td></tr><tr class="failedodd"><td rowspan="1">DepartmentTests.CourseDepartTest</td><td><a href="#m2">CourseDepartmentTest</a></td><td rowspan="1">1674646573712</td><td rowspan="1">56337</td></tr><tr><th colspan="4">DepartmentTests &#8212; passed</th></tr><tr class="passedeven"><td rowspan="1">DepartmentTests.CreateDeleteDepartTest</td><td><a href="#m3">CreateDeleteDepartmentTest</a></td><td rowspan="1">1674646470803</td><td rowspan="1">22831</td></tr><tr class="passedodd"><td rowspan="1">DepartmentTests.EmployeeDepartTest</td><td><a href="#m4">EmployeeDepartmentTest</a></td><td rowspan="1">1674646534659</td><td rowspan="1">36676</td></tr><tr class="passedeven"><td rowspan="1">DepartmentTests.ProgramDepartTest</td><td><a href="#m5">EmployeeDepartmentTest</a></td><td rowspan="1">1674646632250</td><td rowspan="1">45003</td></tr></tbody>
<tbody id="t2"><tr><th colspan="4">ProgramTests &#8212; passed</th></tr><tr class="passedeven"><td rowspan="1">ProgramTests.CourseProgramTest</td><td><a href="#m6">CourseAddDeleteProgramTest</a></td><td rowspan="1">1674646679698</td><td rowspan="1">42398</td></tr><tr class="passedodd"><td rowspan="1">ProgramTests.CreateDeleteProgramTest</td><td><a href="#m7">CreateDeleteProgramTest</a></td><td rowspan="1">1674646724198</td><td rowspan="1">24538</td></tr></tbody>
<tbody id="t3"><tr><th colspan="4">PurposeTests &#8212; failed</th></tr><tr class="failedeven"><td rowspan="1">PurposeTests.ProgramPurposeTest</td><td><a href="#m8">CreatePurposeTest</a></td><td rowspan="1">1674646956494</td><td rowspan="1">68094</td></tr><tr><th colspan="4">PurposeTests &#8212; passed</th></tr><tr class="passedeven"><td rowspan="1">PurposeTests.CoursePurposeTest</td><td><a href="#m9">CoursesPurposeTest</a></td><td rowspan="1">1674646784749</td><td rowspan="1">169496</td></tr><tr class="passedodd"><td rowspan="1">PurposeTests.CreateDeletePurposeTest</td><td><a href="#m10">CreatePurposeTest</a></td><td rowspan="1">1674646751338</td><td rowspan="1">31163</td></tr></tbody>
</table>
<h2>MainTest</h2><h3 id="m0">mainTest.MainTest#testPodruge</h3><table class="result"><tr><th class="invisible"/></tr></table><p class="totop"><a href="#summary">back to summary</a></p>
<h2>DepartmentTests</h2><h3 id="m1">DepartmentTests.ChildDepartCreateDeleteTest#CreateDeleteDepartmentTest</h3><table class="result"><tr><th>Exception</th></tr><tr><td><div class="stacktrace">org.openqa.selenium.StaleElementReferenceException: stale element reference: element is not attached to the page document
  (Session info: chrome=109.0.5414.119)
For documentation on this error, please visit: https://selenium.dev/exceptions/#stale_element_reference
Build info: version: &apos;4.7.1&apos;, revision: &apos;c6795baf1a3&apos;
System info: os.name: &apos;Mac OS X&apos;, os.arch: &apos;x86_64&apos;, os.version: &apos;12.3&apos;, java.version: &apos;19.0.1&apos;
Driver info: org.openqa.selenium.chrome.ChromeDriver
Command: [76f1d798dc7df85e0f8a5f33f7d94259, clickElement {id=f55da152-dadf-4657-b2e1-9521b2909bc3}]
Capabilities {acceptInsecureCerts: false, browserName: chrome, browserVersion: 109.0.5414.119, chrome: {chromedriverVersion: 109.0.5414.74 (e7c5703604da..., userDataDir: /var/folders/j0/pf402hsd5k1...}, goog:chromeOptions: {debuggerAddress: localhost:51321}, networkConnectionEnabled: false, pageLoadStrategy: normal, platformName: MAC, proxy: Proxy(), se:cdp: ws://localhost:51321/devtoo..., se:cdpVersion: 109.0.5414.119, setWindowRect: true, strictFileInteractability: false, timeouts: {implicit: 0, pageLoad: 300000, script: 30000}, unhandledPromptBehavior: dismiss and notify, webauthn:extension:credBlob: true, webauthn:extension:largeBlob: true, webauthn:virtualAuthenticators: true}
Element: [[ChromeDriver: chrome on MAC (76f1d798dc7df85e0f8a5f33f7d94259)] -&gt; xpath: //div[@id=&apos;topofscroll&apos;]/div[2]/div/section/div/div/div/ul/li[last()]/div/div[4]/div[2]/a]
Session ID: 76f1d798dc7df85e0f8a5f33f7d94259
	at org.openqa.selenium.remote.codec.w3c.W3CHttpResponseCodec.createException(W3CHttpResponseCodec.java:200)
	at org.openqa.selenium.remote.codec.w3c.W3CHttpResponseCodec.decode(W3CHttpResponseCodec.java:133)
	at org.openqa.selenium.remote.codec.w3c.W3CHttpResponseCodec.decode(W3CHttpResponseCodec.java:53)
	at org.openqa.selenium.remote.HttpCommandExecutor.execute(HttpCommandExecutor.java:184)
	at org.openqa.selenium.remote.service.DriverCommandExecutor.invokeExecute(DriverCommandExecutor.java:167)
	at org.openqa.selenium.remote.service.DriverCommandExecutor.execute(DriverCommandExecutor.java:142)
	at org.openqa.selenium.remote.RemoteWebDriver.execute(RemoteWebDriver.java:551)
	at org.openqa.selenium.remote.RemoteWebElement.execute(RemoteWebElement.java:257)
	at org.openqa.selenium.remote.RemoteWebElement.click(RemoteWebElement.java:78)
	at DepartmentTests.ChildDepartCreateDeleteTest.CreateDeleteDepartmentTest(ChildDepartCreateDeleteTest.java:85)
	at java.base/java.util.ArrayList.forEach(ArrayList.java:1511)
... Removed 32 stack frames</div></td></tr></table><p class="totop"><a href="#summary">back to summary</a></p>
<h3 id="m2">DepartmentTests.CourseDepartTest#CourseDepartmentTest</h3><table class="result"><tr><th>Exception</th></tr><tr><td><div class="stacktrace">org.openqa.selenium.ElementClickInterceptedException: element click intercepted: Element &lt;a href=&quot;http://develop.podruge.d1.3dev.tech/local/department/index.php&quot;&gt;...&lt;/a&gt; is not clickable at point (212, 109). Other element would receive the click: &lt;div class=&quot;MuiDialog-container MuiDialog-scrollPaper css-ekeie0&quot; role=&quot;presentation&quot; tabindex=&quot;-1&quot; id=&quot;yui_3_17_2_1_1674646619993_60&quot; style=&quot;opacity: 1; transition: opacity 225ms cubic-bezier(0.4, 0, 0.2, 1) 0ms;&quot;&gt;...&lt;/div&gt;
  (Session info: chrome=109.0.5414.119)
Build info: version: &apos;4.7.1&apos;, revision: &apos;c6795baf1a3&apos;
System info: os.name: &apos;Mac OS X&apos;, os.arch: &apos;x86_64&apos;, os.version: &apos;12.3&apos;, java.version: &apos;19.0.1&apos;
Driver info: org.openqa.selenium.chrome.ChromeDriver
Command: [ebc1902f5bfe57019e2f594b511dc932, clickElement {id=67eba18c-8fb9-4cdd-b6a6-e6fd788afdfb}]
Capabilities {acceptInsecureCerts: false, browserName: chrome, browserVersion: 109.0.5414.119, chrome: {chromedriverVersion: 109.0.5414.74 (e7c5703604da..., userDataDir: /var/folders/j0/pf402hsd5k1...}, goog:chromeOptions: {debuggerAddress: localhost:51681}, networkConnectionEnabled: false, pageLoadStrategy: normal, platformName: MAC, proxy: Proxy(), se:cdp: ws://localhost:51681/devtoo..., se:cdpVersion: 109.0.5414.119, setWindowRect: true, strictFileInteractability: false, timeouts: {implicit: 0, pageLoad: 300000, script: 30000}, unhandledPromptBehavior: dismiss and notify, webauthn:extension:credBlob: true, webauthn:extension:largeBlob: true, webauthn:virtualAuthenticators: true}
Element: [[ChromeDriver: chrome on MAC (ebc1902f5bfe57019e2f594b511dc932)] -&gt; xpath: //a[text()=&apos;Подразделения&apos;]]
Session ID: ebc1902f5bfe57019e2f594b511dc932
	at org.openqa.selenium.remote.codec.w3c.W3CHttpResponseCodec.createException(W3CHttpResponseCodec.java:200)
	at org.openqa.selenium.remote.codec.w3c.W3CHttpResponseCodec.decode(W3CHttpResponseCodec.java:133)
	at org.openqa.selenium.remote.codec.w3c.W3CHttpResponseCodec.decode(W3CHttpResponseCodec.java:53)
	at org.openqa.selenium.remote.HttpCommandExecutor.execute(HttpCommandExecutor.java:184)
	at org.openqa.selenium.remote.service.DriverCommandExecutor.invokeExecute(DriverCommandExecutor.java:167)
	at org.openqa.selenium.remote.service.DriverCommandExecutor.execute(DriverCommandExecutor.java:142)
	at org.openqa.selenium.remote.RemoteWebDriver.execute(RemoteWebDriver.java:551)
	at org.openqa.selenium.remote.RemoteWebElement.execute(RemoteWebElement.java:257)
	at org.openqa.selenium.remote.RemoteWebElement.click(RemoteWebElement.java:78)
	at DepartmentTests.CourseDepartTest.CourseDepartmentTest(CourseDepartTest.java:129)
	at java.base/java.util.ArrayList.forEach(ArrayList.java:1511)
... Removed 32 stack frames</div></td></tr></table><p class="totop"><a href="#summary">back to summary</a></p>
<h3 id="m3">DepartmentTests.CreateDeleteDepartTest#CreateDeleteDepartmentTest</h3><table class="result"><tr><th class="invisible"/></tr></table><p class="totop"><a href="#summary">back to summary</a></p>
<h3 id="m4">DepartmentTests.EmployeeDepartTest#EmployeeDepartmentTest</h3><table class="result"><tr><th class="invisible"/></tr></table><p class="totop"><a href="#summary">back to summary</a></p>
<h3 id="m5">DepartmentTests.ProgramDepartTest#EmployeeDepartmentTest</h3><table class="result"><tr><th class="invisible"/></tr></table><p class="totop"><a href="#summary">back to summary</a></p>
<h2>ProgramTests</h2><h3 id="m6">ProgramTests.CourseProgramTest#CourseAddDeleteProgramTest</h3><table class="result"><tr><th class="invisible"/></tr></table><p class="totop"><a href="#summary">back to summary</a></p>
<h3 id="m7">ProgramTests.CreateDeleteProgramTest#CreateDeleteProgramTest</h3><table class="result"><tr><th class="invisible"/></tr></table><p class="totop"><a href="#summary">back to summary</a></p>
<h2>PurposeTests</h2><h3 id="m8">PurposeTests.ProgramPurposeTest#CreatePurposeTest</h3><table class="result"><tr><th>Exception</th></tr><tr><td><div class="stacktrace">org.openqa.selenium.TimeoutException: Expected condition failed: waiting for PurposeTests.ProgramPurposeTest$$Lambda$515/0x00000008013c11f0@4425b6ed (tried for 20 second(s) with 500 milliseconds interval)
Build info: version: &apos;4.7.1&apos;, revision: &apos;c6795baf1a3&apos;
System info: os.name: &apos;Mac OS X&apos;, os.arch: &apos;x86_64&apos;, os.version: &apos;12.3&apos;, java.version: &apos;19.0.1&apos;
Driver info: org.openqa.selenium.chrome.ChromeDriver
Capabilities {acceptInsecureCerts: false, browserName: chrome, browserVersion: 109.0.5414.119, chrome: {chromedriverVersion: 109.0.5414.74 (e7c5703604da..., userDataDir: /var/folders/j0/pf402hsd5k1...}, goog:chromeOptions: {debuggerAddress: localhost:53416}, networkConnectionEnabled: false, pageLoadStrategy: normal, platformName: MAC, proxy: Proxy(), se:cdp: ws://localhost:53416/devtoo..., se:cdpVersion: 109.0.5414.119, setWindowRect: true, strictFileInteractability: false, timeouts: {implicit: 0, pageLoad: 300000, script: 30000}, unhandledPromptBehavior: dismiss and notify, webauthn:extension:credBlob: true, webauthn:extension:largeBlob: true, webauthn:virtualAuthenticators: true}
Session ID: 4a31bc7196e52782979638cb3ddf8cf9
	at org.openqa.selenium.support.ui.WebDriverWait.timeoutException(WebDriverWait.java:87)
	at org.openqa.selenium.support.ui.FluentWait.until(FluentWait.java:231)
	at PurposeTests.ProgramPurposeTest.CreatePurposeTest(ProgramPurposeTest.java:101)
	at java.base/java.util.ArrayList.forEach(ArrayList.java:1511)
... Removed 29 stack frames</div></td></tr></table><p class="totop"><a href="#summary">back to summary</a></p>
<h3 id="m9">PurposeTests.CoursePurposeTest#CoursesPurposeTest</h3><table class="result"><tr><th class="invisible"/></tr></table><p class="totop"><a href="#summary">back to summary</a></p>
<h3 id="m10">PurposeTests.CreateDeletePurposeTest#CreatePurposeTest</h3><table class="result"><tr><th class="invisible"/></tr></table><p class="totop"><a href="#summary">back to summary</a></p>
</body>
</html>
