<?xml version="1.0" encoding="UTF-8"?>
<testng-results ignored="0" total="11" passed="8" failed="3" skipped="0">
  <reporter-output>
  </reporter-output>
  <suite started-at="2023-01-25T14:33:35 MSK" name="SuiteForDepartmentTests" finished-at="2023-01-25T14:43:44 MSK" duration-ms="609343">
    <groups>
    </groups>
    <test started-at="2023-01-25T14:33:35 MSK" name="MainTest" finished-at="2023-01-25T14:34:28 MSK" duration-ms="53172">
      <class name="mainTest.MainTest">
        <test-method is-config="true" signature="before()[pri:0, instance:mainTest.MainTest@4944252c]" started-at="2023-01-25T14:33:35 MSK" name="before" finished-at="2023-01-25T14:33:39 MSK" duration-ms="4210" status="PASS">
          <reporter-output>
          </reporter-output>
        </test-method> <!-- before -->
        <test-method signature="testPodruge()[pri:0, instance:mainTest.MainTest@4944252c]" started-at="2023-01-25T14:33:39 MSK" name="testPodruge" finished-at="2023-01-25T14:34:28 MSK" duration-ms="48937" status="PASS">
          <reporter-output>
          </reporter-output>
        </test-method> <!-- testPodruge -->
        <test-method is-config="true" signature="after()[pri:0, instance:mainTest.MainTest@4944252c]" started-at="2023-01-25T14:34:28 MSK" name="after" finished-at="2023-01-25T14:34:28 MSK" duration-ms="0" status="PASS">
          <reporter-output>
          </reporter-output>
        </test-method> <!-- after -->
      </class> <!-- mainTest.MainTest -->
    </test> <!-- MainTest -->
    <test started-at="2023-01-25T14:34:28 MSK" name="DepartmentTests" finished-at="2023-01-25T14:37:57 MSK" duration-ms="208771">
      <class name="DepartmentTests.EmployeeDepartTest">
        <test-method is-config="true" signature="before()[pri:0, instance:DepartmentTests.EmployeeDepartTest@4efc180e]" started-at="2023-01-25T14:35:32 MSK" name="before" finished-at="2023-01-25T14:35:34 MSK" duration-ms="1994" status="PASS">
          <reporter-output>
          </reporter-output>
        </test-method> <!-- before -->
        <test-method signature="EmployeeDepartmentTest()[pri:0, instance:DepartmentTests.EmployeeDepartTest@4efc180e]" started-at="2023-01-25T14:35:34 MSK" name="EmployeeDepartmentTest" finished-at="2023-01-25T14:36:11 MSK" duration-ms="36676" status="PASS">
          <reporter-output>
          </reporter-output>
        </test-method> <!-- EmployeeDepartmentTest -->
        <test-method is-config="true" signature="after()[pri:0, instance:DepartmentTests.EmployeeDepartTest@4efc180e]" started-at="2023-01-25T14:36:11 MSK" name="after" finished-at="2023-01-25T14:36:11 MSK" duration-ms="0" status="PASS">
          <reporter-output>
          </reporter-output>
        </test-method> <!-- after -->
      </class> <!-- DepartmentTests.EmployeeDepartTest -->
      <class name="DepartmentTests.ProgramDepartTest">
        <test-method is-config="true" signature="before()[pri:0, instance:DepartmentTests.ProgramDepartTest@25084a1e]" started-at="2023-01-25T14:37:10 MSK" name="before" finished-at="2023-01-25T14:37:12 MSK" duration-ms="2200" status="PASS">
          <reporter-output>
          </reporter-output>
        </test-method> <!-- before -->
        <test-method signature="EmployeeDepartmentTest()[pri:0, instance:DepartmentTests.ProgramDepartTest@25084a1e]" started-at="2023-01-25T14:37:12 MSK" name="EmployeeDepartmentTest" finished-at="2023-01-25T14:37:57 MSK" duration-ms="45003" status="PASS">
          <reporter-output>
          </reporter-output>
        </test-method> <!-- EmployeeDepartmentTest -->
        <test-method is-config="true" signature="after()[pri:0, instance:DepartmentTests.ProgramDepartTest@25084a1e]" started-at="2023-01-25T14:37:57 MSK" name="after" finished-at="2023-01-25T14:37:57 MSK" duration-ms="0" status="PASS">
          <reporter-output>
          </reporter-output>
        </test-method> <!-- after -->
      </class> <!-- DepartmentTests.ProgramDepartTest -->
      <class name="DepartmentTests.ChildDepartCreateDeleteTest">
        <test-method is-config="true" signature="before()[pri:0, instance:DepartmentTests.ChildDepartCreateDeleteTest@5fbdfdcf]" started-at="2023-01-25T14:34:53 MSK" name="before" finished-at="2023-01-25T14:34:55 MSK" duration-ms="2220" status="PASS">
          <reporter-output>
          </reporter-output>
        </test-method> <!-- before -->
        <test-method signature="CreateDeleteDepartmentTest()[pri:0, instance:DepartmentTests.ChildDepartCreateDeleteTest@5fbdfdcf]" started-at="2023-01-25T14:34:55 MSK" name="CreateDeleteDepartmentTest" finished-at="2023-01-25T14:35:32 MSK" duration-ms="36803" status="FAIL">
          <exception class="org.openqa.selenium.StaleElementReferenceException">
            <message>
              <![CDATA[stale element reference: element is not attached to the page document
  (Session info: chrome=109.0.5414.119)
For documentation on this error, please visit: https://selenium.dev/exceptions/#stale_element_reference
Build info: version: '4.7.1', revision: 'c6795baf1a3'
System info: os.name: 'Mac OS X', os.arch: 'x86_64', os.version: '12.3', java.version: '19.0.1'
Driver info: org.openqa.selenium.chrome.ChromeDriver
Command: [76f1d798dc7df85e0f8a5f33f7d94259, clickElement {id=f55da152-dadf-4657-b2e1-9521b2909bc3}]
Capabilities {acceptInsecureCerts: false, browserName: chrome, browserVersion: 109.0.5414.119, chrome: {chromedriverVersion: 109.0.5414.74 (e7c5703604da..., userDataDir: /var/folders/j0/pf402hsd5k1...}, goog:chromeOptions: {debuggerAddress: localhost:51321}, networkConnectionEnabled: false, pageLoadStrategy: normal, platformName: MAC, proxy: Proxy(), se:cdp: ws://localhost:51321/devtoo..., se:cdpVersion: 109.0.5414.119, setWindowRect: true, strictFileInteractability: false, timeouts: {implicit: 0, pageLoad: 300000, script: 30000}, unhandledPromptBehavior: dismiss and notify, webauthn:extension:credBlob: true, webauthn:extension:largeBlob: true, webauthn:virtualAuthenticators: true}
Element: [[ChromeDriver: chrome on MAC (76f1d798dc7df85e0f8a5f33f7d94259)] -> xpath: //div[@id='topofscroll']/div[2]/div/section/div/div/div/ul/li[last()]/div/div[4]/div[2]/a]
Session ID: 76f1d798dc7df85e0f8a5f33f7d94259]]>
            </message>
            <full-stacktrace>
              <![CDATA[org.openqa.selenium.StaleElementReferenceException: stale element reference: element is not attached to the page document
  (Session info: chrome=109.0.5414.119)
For documentation on this error, please visit: https://selenium.dev/exceptions/#stale_element_reference
Build info: version: '4.7.1', revision: 'c6795baf1a3'
System info: os.name: 'Mac OS X', os.arch: 'x86_64', os.version: '12.3', java.version: '19.0.1'
Driver info: org.openqa.selenium.chrome.ChromeDriver
Command: [76f1d798dc7df85e0f8a5f33f7d94259, clickElement {id=f55da152-dadf-4657-b2e1-9521b2909bc3}]
Capabilities {acceptInsecureCerts: false, browserName: chrome, browserVersion: 109.0.5414.119, chrome: {chromedriverVersion: 109.0.5414.74 (e7c5703604da..., userDataDir: /var/folders/j0/pf402hsd5k1...}, goog:chromeOptions: {debuggerAddress: localhost:51321}, networkConnectionEnabled: false, pageLoadStrategy: normal, platformName: MAC, proxy: Proxy(), se:cdp: ws://localhost:51321/devtoo..., se:cdpVersion: 109.0.5414.119, setWindowRect: true, strictFileInteractability: false, timeouts: {implicit: 0, pageLoad: 300000, script: 30000}, unhandledPromptBehavior: dismiss and notify, webauthn:extension:credBlob: true, webauthn:extension:largeBlob: true, webauthn:virtualAuthenticators: true}
Element: [[ChromeDriver: chrome on MAC (76f1d798dc7df85e0f8a5f33f7d94259)] -> xpath: //div[@id='topofscroll']/div[2]/div/section/div/div/div/ul/li[last()]/div/div[4]/div[2]/a]
Session ID: 76f1d798dc7df85e0f8a5f33f7d94259
at java.base/jdk.internal.reflect.DirectConstructorHandleAccessor.newInstance(DirectConstructorHandleAccessor.java:67)
at java.base/java.lang.reflect.Constructor.newInstanceWithCaller(Constructor.java:500)
at java.base/java.lang.reflect.Constructor.newInstance(Constructor.java:484)
at org.openqa.selenium.remote.codec.w3c.W3CHttpResponseCodec.createException(W3CHttpResponseCodec.java:200)
at org.openqa.selenium.remote.codec.w3c.W3CHttpResponseCodec.decode(W3CHttpResponseCodec.java:133)
at org.openqa.selenium.remote.codec.w3c.W3CHttpResponseCodec.decode(W3CHttpResponseCodec.java:53)
at org.openqa.selenium.remote.HttpCommandExecutor.execute(HttpCommandExecutor.java:184)
at org.openqa.selenium.remote.service.DriverCommandExecutor.invokeExecute(DriverCommandExecutor.java:167)
at org.openqa.selenium.remote.service.DriverCommandExecutor.execute(DriverCommandExecutor.java:142)
at org.openqa.selenium.remote.RemoteWebDriver.execute(RemoteWebDriver.java:551)
at org.openqa.selenium.remote.RemoteWebElement.execute(RemoteWebElement.java:257)
at org.openqa.selenium.remote.RemoteWebElement.click(RemoteWebElement.java:78)
at DepartmentTests.ChildDepartCreateDeleteTest.CreateDeleteDepartmentTest(ChildDepartCreateDeleteTest.java:85)
at java.base/jdk.internal.reflect.DirectMethodHandleAccessor.invoke(DirectMethodHandleAccessor.java:104)
at java.base/java.lang.reflect.Method.invoke(Method.java:578)
at org.testng.internal.MethodInvocationHelper.invokeMethod(MethodInvocationHelper.java:133)
at org.testng.internal.TestInvoker.invokeMethod(TestInvoker.java:598)
at org.testng.internal.TestInvoker.invokeTestMethod(TestInvoker.java:173)
at org.testng.internal.MethodRunner.runInSequence(MethodRunner.java:46)
at org.testng.internal.TestInvoker$MethodInvocationAgent.invoke(TestInvoker.java:824)
at org.testng.internal.TestInvoker.invokeTestMethods(TestInvoker.java:146)
at org.testng.internal.TestMethodWorker.invokeTestMethods(TestMethodWorker.java:146)
at org.testng.internal.TestMethodWorker.run(TestMethodWorker.java:128)
at java.base/java.util.ArrayList.forEach(ArrayList.java:1511)
at org.testng.TestRunner.privateRun(TestRunner.java:794)
at org.testng.TestRunner.run(TestRunner.java:596)
at org.testng.SuiteRunner.runTest(SuiteRunner.java:377)
at org.testng.SuiteRunner.runSequentially(SuiteRunner.java:371)
at org.testng.SuiteRunner.privateRun(SuiteRunner.java:332)
at org.testng.SuiteRunner.run(SuiteRunner.java:276)
at org.testng.SuiteRunnerWorker.runSuite(SuiteRunnerWorker.java:53)
at org.testng.SuiteRunnerWorker.run(SuiteRunnerWorker.java:96)
at org.testng.TestNG.runSuitesSequentially(TestNG.java:1212)
at org.testng.TestNG.runSuitesLocally(TestNG.java:1134)
at org.testng.TestNG.runSuites(TestNG.java:1063)
at org.testng.TestNG.run(TestNG.java:1031)
at org.apache.maven.surefire.testng.TestNGExecutor.run(TestNGExecutor.java:284)
at org.apache.maven.surefire.testng.TestNGXmlTestSuite.execute(TestNGXmlTestSuite.java:75)
at org.apache.maven.surefire.testng.TestNGProvider.invoke(TestNGProvider.java:119)
at org.apache.maven.surefire.booter.ForkedBooter.runSuitesInProcess(ForkedBooter.java:428)
at org.apache.maven.surefire.booter.ForkedBooter.execute(ForkedBooter.java:162)
at org.apache.maven.surefire.booter.ForkedBooter.run(ForkedBooter.java:562)
at org.apache.maven.surefire.booter.ForkedBooter.main(ForkedBooter.java:548)
]]>
            </full-stacktrace>
          </exception> <!-- org.openqa.selenium.StaleElementReferenceException -->
          <reporter-output>
          </reporter-output>
        </test-method> <!-- CreateDeleteDepartmentTest -->
        <test-method is-config="true" signature="after()[pri:0, instance:DepartmentTests.ChildDepartCreateDeleteTest@5fbdfdcf]" started-at="2023-01-25T14:35:32 MSK" name="after" finished-at="2023-01-25T14:35:32 MSK" duration-ms="0" status="PASS">
          <reporter-output>
          </reporter-output>
        </test-method> <!-- after -->
      </class> <!-- DepartmentTests.ChildDepartCreateDeleteTest -->
      <class name="DepartmentTests.CourseDepartTest">
        <test-method is-config="true" signature="before()[pri:0, instance:DepartmentTests.CourseDepartTest@bd4dc25]" started-at="2023-01-25T14:36:11 MSK" name="before" finished-at="2023-01-25T14:36:13 MSK" duration-ms="2374" status="PASS">
          <reporter-output>
          </reporter-output>
        </test-method> <!-- before -->
        <test-method signature="CourseDepartmentTest()[pri:0, instance:DepartmentTests.CourseDepartTest@bd4dc25]" started-at="2023-01-25T14:36:13 MSK" name="CourseDepartmentTest" finished-at="2023-01-25T14:37:10 MSK" duration-ms="56337" status="FAIL">
          <exception class="org.openqa.selenium.ElementClickInterceptedException">
            <message>
              <![CDATA[element click intercepted: Element <a href="http://develop.podruge.d1.3dev.tech/local/department/index.php">...</a> is not clickable at point (212, 109). Other element would receive the click: <div class="MuiDialog-container MuiDialog-scrollPaper css-ekeie0" role="presentation" tabindex="-1" id="yui_3_17_2_1_1674646619993_60" style="opacity: 1; transition: opacity 225ms cubic-bezier(0.4, 0, 0.2, 1) 0ms;">...</div>
  (Session info: chrome=109.0.5414.119)
Build info: version: '4.7.1', revision: 'c6795baf1a3'
System info: os.name: 'Mac OS X', os.arch: 'x86_64', os.version: '12.3', java.version: '19.0.1'
Driver info: org.openqa.selenium.chrome.ChromeDriver
Command: [ebc1902f5bfe57019e2f594b511dc932, clickElement {id=67eba18c-8fb9-4cdd-b6a6-e6fd788afdfb}]
Capabilities {acceptInsecureCerts: false, browserName: chrome, browserVersion: 109.0.5414.119, chrome: {chromedriverVersion: 109.0.5414.74 (e7c5703604da..., userDataDir: /var/folders/j0/pf402hsd5k1...}, goog:chromeOptions: {debuggerAddress: localhost:51681}, networkConnectionEnabled: false, pageLoadStrategy: normal, platformName: MAC, proxy: Proxy(), se:cdp: ws://localhost:51681/devtoo..., se:cdpVersion: 109.0.5414.119, setWindowRect: true, strictFileInteractability: false, timeouts: {implicit: 0, pageLoad: 300000, script: 30000}, unhandledPromptBehavior: dismiss and notify, webauthn:extension:credBlob: true, webauthn:extension:largeBlob: true, webauthn:virtualAuthenticators: true}
Element: [[ChromeDriver: chrome on MAC (ebc1902f5bfe57019e2f594b511dc932)] -> xpath: //a[text()='Подразделения']]
Session ID: ebc1902f5bfe57019e2f594b511dc932]]>
            </message>
            <full-stacktrace>
              <![CDATA[org.openqa.selenium.ElementClickInterceptedException: element click intercepted: Element <a href="http://develop.podruge.d1.3dev.tech/local/department/index.php">...</a> is not clickable at point (212, 109). Other element would receive the click: <div class="MuiDialog-container MuiDialog-scrollPaper css-ekeie0" role="presentation" tabindex="-1" id="yui_3_17_2_1_1674646619993_60" style="opacity: 1; transition: opacity 225ms cubic-bezier(0.4, 0, 0.2, 1) 0ms;">...</div>
  (Session info: chrome=109.0.5414.119)
Build info: version: '4.7.1', revision: 'c6795baf1a3'
System info: os.name: 'Mac OS X', os.arch: 'x86_64', os.version: '12.3', java.version: '19.0.1'
Driver info: org.openqa.selenium.chrome.ChromeDriver
Command: [ebc1902f5bfe57019e2f594b511dc932, clickElement {id=67eba18c-8fb9-4cdd-b6a6-e6fd788afdfb}]
Capabilities {acceptInsecureCerts: false, browserName: chrome, browserVersion: 109.0.5414.119, chrome: {chromedriverVersion: 109.0.5414.74 (e7c5703604da..., userDataDir: /var/folders/j0/pf402hsd5k1...}, goog:chromeOptions: {debuggerAddress: localhost:51681}, networkConnectionEnabled: false, pageLoadStrategy: normal, platformName: MAC, proxy: Proxy(), se:cdp: ws://localhost:51681/devtoo..., se:cdpVersion: 109.0.5414.119, setWindowRect: true, strictFileInteractability: false, timeouts: {implicit: 0, pageLoad: 300000, script: 30000}, unhandledPromptBehavior: dismiss and notify, webauthn:extension:credBlob: true, webauthn:extension:largeBlob: true, webauthn:virtualAuthenticators: true}
Element: [[ChromeDriver: chrome on MAC (ebc1902f5bfe57019e2f594b511dc932)] -> xpath: //a[text()='Подразделения']]
Session ID: ebc1902f5bfe57019e2f594b511dc932
at java.base/jdk.internal.reflect.DirectConstructorHandleAccessor.newInstance(DirectConstructorHandleAccessor.java:67)
at java.base/java.lang.reflect.Constructor.newInstanceWithCaller(Constructor.java:500)
at java.base/java.lang.reflect.Constructor.newInstance(Constructor.java:484)
at org.openqa.selenium.remote.codec.w3c.W3CHttpResponseCodec.createException(W3CHttpResponseCodec.java:200)
at org.openqa.selenium.remote.codec.w3c.W3CHttpResponseCodec.decode(W3CHttpResponseCodec.java:133)
at org.openqa.selenium.remote.codec.w3c.W3CHttpResponseCodec.decode(W3CHttpResponseCodec.java:53)
at org.openqa.selenium.remote.HttpCommandExecutor.execute(HttpCommandExecutor.java:184)
at org.openqa.selenium.remote.service.DriverCommandExecutor.invokeExecute(DriverCommandExecutor.java:167)
at org.openqa.selenium.remote.service.DriverCommandExecutor.execute(DriverCommandExecutor.java:142)
at org.openqa.selenium.remote.RemoteWebDriver.execute(RemoteWebDriver.java:551)
at org.openqa.selenium.remote.RemoteWebElement.execute(RemoteWebElement.java:257)
at org.openqa.selenium.remote.RemoteWebElement.click(RemoteWebElement.java:78)
at DepartmentTests.CourseDepartTest.CourseDepartmentTest(CourseDepartTest.java:129)
at java.base/jdk.internal.reflect.DirectMethodHandleAccessor.invoke(DirectMethodHandleAccessor.java:104)
at java.base/java.lang.reflect.Method.invoke(Method.java:578)
at org.testng.internal.MethodInvocationHelper.invokeMethod(MethodInvocationHelper.java:133)
at org.testng.internal.TestInvoker.invokeMethod(TestInvoker.java:598)
at org.testng.internal.TestInvoker.invokeTestMethod(TestInvoker.java:173)
at org.testng.internal.MethodRunner.runInSequence(MethodRunner.java:46)
at org.testng.internal.TestInvoker$MethodInvocationAgent.invoke(TestInvoker.java:824)
at org.testng.internal.TestInvoker.invokeTestMethods(TestInvoker.java:146)
at org.testng.internal.TestMethodWorker.invokeTestMethods(TestMethodWorker.java:146)
at org.testng.internal.TestMethodWorker.run(TestMethodWorker.java:128)
at java.base/java.util.ArrayList.forEach(ArrayList.java:1511)
at org.testng.TestRunner.privateRun(TestRunner.java:794)
at org.testng.TestRunner.run(TestRunner.java:596)
at org.testng.SuiteRunner.runTest(SuiteRunner.java:377)
at org.testng.SuiteRunner.runSequentially(SuiteRunner.java:371)
at org.testng.SuiteRunner.privateRun(SuiteRunner.java:332)
at org.testng.SuiteRunner.run(SuiteRunner.java:276)
at org.testng.SuiteRunnerWorker.runSuite(SuiteRunnerWorker.java:53)
at org.testng.SuiteRunnerWorker.run(SuiteRunnerWorker.java:96)
at org.testng.TestNG.runSuitesSequentially(TestNG.java:1212)
at org.testng.TestNG.runSuitesLocally(TestNG.java:1134)
at org.testng.TestNG.runSuites(TestNG.java:1063)
at org.testng.TestNG.run(TestNG.java:1031)
at org.apache.maven.surefire.testng.TestNGExecutor.run(TestNGExecutor.java:284)
at org.apache.maven.surefire.testng.TestNGXmlTestSuite.execute(TestNGXmlTestSuite.java:75)
at org.apache.maven.surefire.testng.TestNGProvider.invoke(TestNGProvider.java:119)
at org.apache.maven.surefire.booter.ForkedBooter.runSuitesInProcess(ForkedBooter.java:428)
at org.apache.maven.surefire.booter.ForkedBooter.execute(ForkedBooter.java:162)
at org.apache.maven.surefire.booter.ForkedBooter.run(ForkedBooter.java:562)
at org.apache.maven.surefire.booter.ForkedBooter.main(ForkedBooter.java:548)
]]>
            </full-stacktrace>
          </exception> <!-- org.openqa.selenium.ElementClickInterceptedException -->
          <reporter-output>
          </reporter-output>
        </test-method> <!-- CourseDepartmentTest -->
        <test-method is-config="true" signature="after()[pri:0, instance:DepartmentTests.CourseDepartTest@bd4dc25]" started-at="2023-01-25T14:37:10 MSK" name="after" finished-at="2023-01-25T14:37:10 MSK" duration-ms="0" status="PASS">
          <reporter-output>
          </reporter-output>
        </test-method> <!-- after -->
      </class> <!-- DepartmentTests.CourseDepartTest -->
      <class name="DepartmentTests.CreateDeleteDepartTest">
        <test-method is-config="true" signature="before()[pri:0, instance:DepartmentTests.CreateDeleteDepartTest@505fc5a4]" started-at="2023-01-25T14:34:28 MSK" name="before" finished-at="2023-01-25T14:34:30 MSK" duration-ms="2318" status="PASS">
          <reporter-output>
          </reporter-output>
        </test-method> <!-- before -->
        <test-method signature="CreateDeleteDepartmentTest()[pri:0, instance:DepartmentTests.CreateDeleteDepartTest@505fc5a4]" started-at="2023-01-25T14:34:30 MSK" name="CreateDeleteDepartmentTest" finished-at="2023-01-25T14:34:53 MSK" duration-ms="22831" status="PASS">
          <reporter-output>
          </reporter-output>
        </test-method> <!-- CreateDeleteDepartmentTest -->
        <test-method is-config="true" signature="after()[pri:0, instance:DepartmentTests.CreateDeleteDepartTest@505fc5a4]" started-at="2023-01-25T14:34:53 MSK" name="after" finished-at="2023-01-25T14:34:53 MSK" duration-ms="1" status="PASS">
          <reporter-output>
          </reporter-output>
        </test-method> <!-- after -->
      </class> <!-- DepartmentTests.CreateDeleteDepartTest -->
    </test> <!-- DepartmentTests -->
    <test started-at="2023-01-25T14:37:57 MSK" name="ProgramTests" finished-at="2023-01-25T14:39:08 MSK" duration-ms="71430">
      <class name="ProgramTests.CreateDeleteProgramTest">
        <test-method is-config="true" signature="before()[pri:0, instance:ProgramTests.CreateDeleteProgramTest@7133da86]" started-at="2023-01-25T14:38:42 MSK" name="before" finished-at="2023-01-25T14:38:44 MSK" duration-ms="2100" status="PASS">
          <reporter-output>
          </reporter-output>
        </test-method> <!-- before -->
        <test-method signature="CreateDeleteProgramTest()[pri:0, instance:ProgramTests.CreateDeleteProgramTest@7133da86]" started-at="2023-01-25T14:38:44 MSK" name="CreateDeleteProgramTest" finished-at="2023-01-25T14:39:08 MSK" duration-ms="24538" status="PASS">
          <reporter-output>
          </reporter-output>
        </test-method> <!-- CreateDeleteProgramTest -->
        <test-method is-config="true" signature="after()[pri:0, instance:ProgramTests.CreateDeleteProgramTest@7133da86]" started-at="2023-01-25T14:39:08 MSK" name="after" finished-at="2023-01-25T14:39:08 MSK" duration-ms="0" status="PASS">
          <reporter-output>
          </reporter-output>
        </test-method> <!-- after -->
      </class> <!-- ProgramTests.CreateDeleteProgramTest -->
      <class name="ProgramTests.CourseProgramTest">
        <test-method is-config="true" signature="before()[pri:0, instance:ProgramTests.CourseProgramTest@4d0f2471]" started-at="2023-01-25T14:37:57 MSK" name="before" finished-at="2023-01-25T14:37:59 MSK" duration-ms="2392" status="PASS">
          <reporter-output>
          </reporter-output>
        </test-method> <!-- before -->
        <test-method signature="CourseAddDeleteProgramTest()[pri:0, instance:ProgramTests.CourseProgramTest@4d0f2471]" started-at="2023-01-25T14:37:59 MSK" name="CourseAddDeleteProgramTest" finished-at="2023-01-25T14:38:42 MSK" duration-ms="42398" status="PASS">
          <reporter-output>
          </reporter-output>
        </test-method> <!-- CourseAddDeleteProgramTest -->
        <test-method is-config="true" signature="after()[pri:0, instance:ProgramTests.CourseProgramTest@4d0f2471]" started-at="2023-01-25T14:38:42 MSK" name="after" finished-at="2023-01-25T14:38:42 MSK" duration-ms="0" status="PASS">
          <reporter-output>
          </reporter-output>
        </test-method> <!-- after -->
      </class> <!-- ProgramTests.CourseProgramTest -->
    </test> <!-- ProgramTests -->
    <test started-at="2023-01-25T14:39:08 MSK" name="PurposeTests" finished-at="2023-01-25T14:43:44 MSK" duration-ms="275642">
      <class name="PurposeTests.CreateDeletePurposeTest">
        <test-method is-config="true" signature="before()[pri:0, instance:PurposeTests.CreateDeletePurposeTest@56cdfb3b]" started-at="2023-01-25T14:39:08 MSK" name="before" finished-at="2023-01-25T14:39:11 MSK" duration-ms="2389" status="PASS">
          <reporter-output>
          </reporter-output>
        </test-method> <!-- before -->
        <test-method signature="CreatePurposeTest()[pri:0, instance:PurposeTests.CreateDeletePurposeTest@56cdfb3b]" started-at="2023-01-25T14:39:11 MSK" name="CreatePurposeTest" finished-at="2023-01-25T14:39:42 MSK" duration-ms="31163" status="PASS">
          <reporter-output>
          </reporter-output>
        </test-method> <!-- CreatePurposeTest -->
        <test-method is-config="true" signature="after()[pri:0, instance:PurposeTests.CreateDeletePurposeTest@56cdfb3b]" started-at="2023-01-25T14:39:42 MSK" name="after" finished-at="2023-01-25T14:39:42 MSK" duration-ms="0" status="PASS">
          <reporter-output>
          </reporter-output>
        </test-method> <!-- after -->
      </class> <!-- PurposeTests.CreateDeletePurposeTest -->
      <class name="PurposeTests.CoursePurposeTest">
        <test-method is-config="true" signature="before()[pri:0, instance:PurposeTests.CoursePurposeTest@2b91004a]" started-at="2023-01-25T14:39:42 MSK" name="before" finished-at="2023-01-25T14:39:44 MSK" duration-ms="2247" status="PASS">
          <reporter-output>
          </reporter-output>
        </test-method> <!-- before -->
        <test-method signature="CoursesPurposeTest()[pri:0, instance:PurposeTests.CoursePurposeTest@2b91004a]" started-at="2023-01-25T14:39:44 MSK" name="CoursesPurposeTest" finished-at="2023-01-25T14:42:34 MSK" duration-ms="169496" status="PASS">
          <reporter-output>
          </reporter-output>
        </test-method> <!-- CoursesPurposeTest -->
        <test-method is-config="true" signature="after()[pri:0, instance:PurposeTests.CoursePurposeTest@2b91004a]" started-at="2023-01-25T14:42:34 MSK" name="after" finished-at="2023-01-25T14:42:34 MSK" duration-ms="0" status="PASS">
          <reporter-output>
          </reporter-output>
        </test-method> <!-- after -->
      </class> <!-- PurposeTests.CoursePurposeTest -->
      <class name="PurposeTests.ProgramPurposeTest">
        <test-method is-config="true" signature="before()[pri:0, instance:PurposeTests.ProgramPurposeTest@20ccf40b]" started-at="2023-01-25T14:42:34 MSK" name="before" finished-at="2023-01-25T14:42:36 MSK" duration-ms="2248" status="PASS">
          <reporter-output>
          </reporter-output>
        </test-method> <!-- before -->
        <test-method signature="CreatePurposeTest()[pri:0, instance:PurposeTests.ProgramPurposeTest@20ccf40b]" started-at="2023-01-25T14:42:36 MSK" name="CreatePurposeTest" finished-at="2023-01-25T14:43:44 MSK" duration-ms="68094" status="FAIL">
          <exception class="org.openqa.selenium.TimeoutException">
            <message>
              <![CDATA[Expected condition failed: waiting for PurposeTests.ProgramPurposeTest$$Lambda$515/0x00000008013c11f0@4425b6ed (tried for 20 second(s) with 500 milliseconds interval)
Build info: version: '4.7.1', revision: 'c6795baf1a3'
System info: os.name: 'Mac OS X', os.arch: 'x86_64', os.version: '12.3', java.version: '19.0.1'
Driver info: org.openqa.selenium.chrome.ChromeDriver
Capabilities {acceptInsecureCerts: false, browserName: chrome, browserVersion: 109.0.5414.119, chrome: {chromedriverVersion: 109.0.5414.74 (e7c5703604da..., userDataDir: /var/folders/j0/pf402hsd5k1...}, goog:chromeOptions: {debuggerAddress: localhost:53416}, networkConnectionEnabled: false, pageLoadStrategy: normal, platformName: MAC, proxy: Proxy(), se:cdp: ws://localhost:53416/devtoo..., se:cdpVersion: 109.0.5414.119, setWindowRect: true, strictFileInteractability: false, timeouts: {implicit: 0, pageLoad: 300000, script: 30000}, unhandledPromptBehavior: dismiss and notify, webauthn:extension:credBlob: true, webauthn:extension:largeBlob: true, webauthn:virtualAuthenticators: true}
Session ID: 4a31bc7196e52782979638cb3ddf8cf9]]>
            </message>
            <full-stacktrace>
              <![CDATA[org.openqa.selenium.TimeoutException: Expected condition failed: waiting for PurposeTests.ProgramPurposeTest$$Lambda$515/0x00000008013c11f0@4425b6ed (tried for 20 second(s) with 500 milliseconds interval)
Build info: version: '4.7.1', revision: 'c6795baf1a3'
System info: os.name: 'Mac OS X', os.arch: 'x86_64', os.version: '12.3', java.version: '19.0.1'
Driver info: org.openqa.selenium.chrome.ChromeDriver
Capabilities {acceptInsecureCerts: false, browserName: chrome, browserVersion: 109.0.5414.119, chrome: {chromedriverVersion: 109.0.5414.74 (e7c5703604da..., userDataDir: /var/folders/j0/pf402hsd5k1...}, goog:chromeOptions: {debuggerAddress: localhost:53416}, networkConnectionEnabled: false, pageLoadStrategy: normal, platformName: MAC, proxy: Proxy(), se:cdp: ws://localhost:53416/devtoo..., se:cdpVersion: 109.0.5414.119, setWindowRect: true, strictFileInteractability: false, timeouts: {implicit: 0, pageLoad: 300000, script: 30000}, unhandledPromptBehavior: dismiss and notify, webauthn:extension:credBlob: true, webauthn:extension:largeBlob: true, webauthn:virtualAuthenticators: true}
Session ID: 4a31bc7196e52782979638cb3ddf8cf9
at org.openqa.selenium.support.ui.WebDriverWait.timeoutException(WebDriverWait.java:87)
at org.openqa.selenium.support.ui.FluentWait.until(FluentWait.java:231)
at PurposeTests.ProgramPurposeTest.CreatePurposeTest(ProgramPurposeTest.java:101)
at java.base/jdk.internal.reflect.DirectMethodHandleAccessor.invoke(DirectMethodHandleAccessor.java:104)
at java.base/java.lang.reflect.Method.invoke(Method.java:578)
at org.testng.internal.MethodInvocationHelper.invokeMethod(MethodInvocationHelper.java:133)
at org.testng.internal.TestInvoker.invokeMethod(TestInvoker.java:598)
at org.testng.internal.TestInvoker.invokeTestMethod(TestInvoker.java:173)
at org.testng.internal.MethodRunner.runInSequence(MethodRunner.java:46)
at org.testng.internal.TestInvoker$MethodInvocationAgent.invoke(TestInvoker.java:824)
at org.testng.internal.TestInvoker.invokeTestMethods(TestInvoker.java:146)
at org.testng.internal.TestMethodWorker.invokeTestMethods(TestMethodWorker.java:146)
at org.testng.internal.TestMethodWorker.run(TestMethodWorker.java:128)
at java.base/java.util.ArrayList.forEach(ArrayList.java:1511)
at org.testng.TestRunner.privateRun(TestRunner.java:794)
at org.testng.TestRunner.run(TestRunner.java:596)
at org.testng.SuiteRunner.runTest(SuiteRunner.java:377)
at org.testng.SuiteRunner.runSequentially(SuiteRunner.java:371)
at org.testng.SuiteRunner.privateRun(SuiteRunner.java:332)
at org.testng.SuiteRunner.run(SuiteRunner.java:276)
at org.testng.SuiteRunnerWorker.runSuite(SuiteRunnerWorker.java:53)
at org.testng.SuiteRunnerWorker.run(SuiteRunnerWorker.java:96)
at org.testng.TestNG.runSuitesSequentially(TestNG.java:1212)
at org.testng.TestNG.runSuitesLocally(TestNG.java:1134)
at org.testng.TestNG.runSuites(TestNG.java:1063)
at org.testng.TestNG.run(TestNG.java:1031)
at org.apache.maven.surefire.testng.TestNGExecutor.run(TestNGExecutor.java:284)
at org.apache.maven.surefire.testng.TestNGXmlTestSuite.execute(TestNGXmlTestSuite.java:75)
at org.apache.maven.surefire.testng.TestNGProvider.invoke(TestNGProvider.java:119)
at org.apache.maven.surefire.booter.ForkedBooter.runSuitesInProcess(ForkedBooter.java:428)
at org.apache.maven.surefire.booter.ForkedBooter.execute(ForkedBooter.java:162)
at org.apache.maven.surefire.booter.ForkedBooter.run(ForkedBooter.java:562)
at org.apache.maven.surefire.booter.ForkedBooter.main(ForkedBooter.java:548)
]]>
            </full-stacktrace>
          </exception> <!-- org.openqa.selenium.TimeoutException -->
          <reporter-output>
          </reporter-output>
        </test-method> <!-- CreatePurposeTest -->
        <test-method is-config="true" signature="after()[pri:0, instance:PurposeTests.ProgramPurposeTest@20ccf40b]" started-at="2023-01-25T14:43:44 MSK" name="after" finished-at="2023-01-25T14:43:44 MSK" duration-ms="0" status="PASS">
          <reporter-output>
          </reporter-output>
        </test-method> <!-- after -->
      </class> <!-- PurposeTests.ProgramPurposeTest -->
    </test> <!-- PurposeTests -->
  </suite> <!-- SuiteForDepartmentTests -->
</testng-results>
